# Logfile created on 2014-12-29 21:46:19 -0700 by logger.rb/36483
I, [2014-12-29T21:46:19.773874 #45887]  INFO -- : 0:  i18n (0.7.0) from /Users/jem/.rbenv/versions/2.0.0-p247/lib/ruby/gems/2.0.0/specifications/i18n-0.7.0.gemspec
I, [2014-12-29T21:46:19.775379 #45887]  INFO -- : 0:  json (1.8.1) from /Users/jem/.rbenv/versions/2.0.0-p247/lib/ruby/gems/2.0.0/specifications/json-1.8.1.gemspec
I, [2014-12-29T21:46:19.776029 #45887]  INFO -- : 0:  minitest (5.5.0) from /Users/jem/.rbenv/versions/2.0.0-p247/lib/ruby/gems/2.0.0/specifications/minitest-5.5.0.gemspec
I, [2014-12-29T21:46:19.776793 #45887]  INFO -- : 0:  thread_safe (0.3.4) from /Users/jem/.rbenv/versions/2.0.0-p247/lib/ruby/gems/2.0.0/specifications/thread_safe-0.3.4.gemspec
I, [2014-12-29T21:46:19.777432 #45887]  INFO -- : 0:  tzinfo (1.2.2) from /Users/jem/.rbenv/versions/2.0.0-p247/lib/ruby/gems/2.0.0/specifications/tzinfo-1.2.2.gemspec
I, [2014-12-29T21:46:19.778016 #45887]  INFO -- : 0:  activesupport (4.2.0) from /Users/jem/.rbenv/versions/2.0.0-p247/lib/ruby/gems/2.0.0/specifications/activesupport-4.2.0.gemspec
I, [2014-12-29T21:46:19.778562 #45887]  INFO -- : 0:  builder (3.2.2) from /Users/jem/.rbenv/versions/2.0.0-p247/lib/ruby/gems/2.0.0/specifications/builder-3.2.2.gemspec
I, [2014-12-29T21:46:19.851138 #45887]  INFO -- : 0:  activemodel (4.2.0) from /Users/jem/.rbenv/versions/2.0.0-p247/lib/ruby/gems/2.0.0/specifications/activemodel-4.2.0.gemspec
I, [2014-12-29T21:46:19.851949 #45887]  INFO -- : 0:  addressable (2.3.6) from /Users/jem/.rbenv/versions/2.0.0-p247/lib/ruby/gems/2.0.0/specifications/addressable-2.3.6.gemspec
I, [2014-12-29T21:46:21.095051 #45887]  INFO -- : 0:  awesome_print (1.6.0) from /Users/jem/.rbenv/versions/2.0.0-p247/lib/ruby/gems/2.0.0/specifications/awesome_print-1.6.0.gemspec
I, [2014-12-29T21:46:21.095615 #45887]  INFO -- : 0:  redis (3.2.0) from /Users/jem/.rbenv/versions/2.0.0-p247/lib/ruby/gems/2.0.0/specifications/redis-3.2.0.gemspec
I, [2014-12-29T21:46:21.096090 #45887]  INFO -- : 0:  bloomfilter-rb (2.1.1) from /Users/jem/.rbenv/versions/2.0.0-p247/lib/ruby/gems/2.0.0/specifications/bloomfilter-rb-2.1.1.gemspec
I, [2014-12-29T21:46:21.096487 #45887]  INFO -- : 0:  buftok (0.2.0) from /Users/jem/.rbenv/versions/2.0.0-p247/lib/ruby/gems/2.0.0/specifications/buftok-0.2.0.gemspec
I, [2014-12-29T21:46:21.096869 #45887]  INFO -- : 0:  coderay (1.1.0) from /Users/jem/.rbenv/versions/2.0.0-p247/lib/ruby/gems/2.0.0/specifications/coderay-1.1.0.gemspec
I, [2014-12-29T21:46:21.097258 #45887]  INFO -- : 0:  dotenv (1.0.2) from /Users/jem/.rbenv/versions/2.0.0-p247/lib/ruby/gems/2.0.0/specifications/dotenv-1.0.2.gemspec
I, [2014-12-29T21:46:21.097676 #45887]  INFO -- : 0:  engtagger (0.2.0) from /Users/jem/.rbenv/versions/2.0.0-p247/lib/ruby/gems/2.0.0/specifications/engtagger-0.2.0.gemspec
I, [2014-12-29T21:46:21.098168 #45887]  INFO -- : 0:  equalizer (0.0.9) from /Users/jem/.rbenv/versions/2.0.0-p247/lib/ruby/gems/2.0.0/specifications/equalizer-0.0.9.gemspec
I, [2014-12-29T21:46:21.098979 #45887]  INFO -- : 0:  eventmachine (1.0.4) from /Users/jem/.rbenv/versions/2.0.0-p247/lib/ruby/gems/2.0.0/specifications/eventmachine-1.0.4.gemspec
I, [2014-12-29T21:46:21.099599 #45887]  INFO -- : 0:  multipart-post (2.0.0) from /Users/jem/.rbenv/versions/2.0.0-p247/lib/ruby/gems/2.0.0/specifications/multipart-post-2.0.0.gemspec
I, [2014-12-29T21:46:21.100191 #45887]  INFO -- : 0:  faraday (0.9.0) from /Users/jem/.rbenv/versions/2.0.0-p247/lib/ruby/gems/2.0.0/specifications/faraday-0.9.0.gemspec
I, [2014-12-29T21:46:21.100760 #45887]  INFO -- : 0:  fast-stemmer (1.0.2) from /Users/jem/.rbenv/versions/2.0.0-p247/lib/ruby/gems/2.0.0/specifications/fast-stemmer-1.0.2.gemspec
I, [2014-12-29T21:46:21.101329 #45887]  INFO -- : 0:  gingerice (1.2.2) from /Users/jem/.rbenv/versions/2.0.0-p247/lib/ruby/gems/2.0.0/specifications/gingerice-1.2.2.gemspec
I, [2014-12-29T21:46:21.101940 #45887]  INFO -- : 0:  multi_json (1.10.1) from /Users/jem/.rbenv/versions/2.0.0-p247/lib/ruby/gems/2.0.0/specifications/multi_json-1.10.1.gemspec
I, [2014-12-29T21:46:21.102580 #45887]  INFO -- : 0:  her (0.7.3) from /Users/jem/.rbenv/versions/2.0.0-p247/lib/ruby/gems/2.0.0/specifications/her-0.7.3.gemspec
I, [2014-12-29T21:46:21.103148 #45887]  INFO -- : 0:  whatlanguage (1.0.5) from /Users/jem/.rbenv/versions/2.0.0-p247/lib/ruby/gems/2.0.0/specifications/whatlanguage-1.0.5.gemspec
I, [2014-12-29T21:46:21.103664 #45887]  INFO -- : 0:  highscore (1.2.0) from /Users/jem/.rbenv/versions/2.0.0-p247/lib/ruby/gems/2.0.0/specifications/highscore-1.2.0.gemspec
I, [2014-12-29T21:46:21.104088 #45887]  INFO -- : 0:  htmlentities (4.3.3) from /Users/jem/.rbenv/versions/2.0.0-p247/lib/ruby/gems/2.0.0/specifications/htmlentities-4.3.3.gemspec
I, [2014-12-29T21:46:21.104546 #45887]  INFO -- : 0:  http_parser.rb (0.6.0) from /Users/jem/.rbenv/versions/2.0.0-p247/lib/ruby/gems/2.0.0/specifications/http_parser.rb-0.6.0.gemspec
I, [2014-12-29T21:46:21.104999 #45887]  INFO -- : 0:  http (0.6.3) from /Users/jem/.rbenv/versions/2.0.0-p247/lib/ruby/gems/2.0.0/specifications/http-0.6.3.gemspec
I, [2014-12-29T21:46:21.105410 #45887]  INFO -- : 0:  marvel (0.1.0) from /Users/jem/.rbenv/versions/2.0.0-p247/lib/ruby/gems/2.0.0/specifications/marvel-0.1.0.gemspec
I, [2014-12-29T21:46:21.105897 #45887]  INFO -- : 0:  memoizable (0.4.2) from /Users/jem/.rbenv/versions/2.0.0-p247/lib/ruby/gems/2.0.0/specifications/memoizable-0.4.2.gemspec
I, [2014-12-29T21:46:21.106303 #45887]  INFO -- : 0:  method_source (0.8.2) from /Users/jem/.rbenv/versions/2.0.0-p247/lib/ruby/gems/2.0.0/specifications/method_source-0.8.2.gemspec
I, [2014-12-29T21:46:21.106691 #45887]  INFO -- : 0:  naught (1.0.0) from /Users/jem/.rbenv/versions/2.0.0-p247/lib/ruby/gems/2.0.0/specifications/naught-1.0.0.gemspec
I, [2014-12-29T21:46:21.107134 #45887]  INFO -- : 0:  oauth (0.4.7) from /Users/jem/.rbenv/versions/2.0.0-p247/lib/ruby/gems/2.0.0/specifications/oauth-0.4.7.gemspec
I, [2014-12-29T21:46:21.107592 #45887]  INFO -- : 0:  pokegem (0.0.2) from /Users/jem/.rbenv/versions/2.0.0-p247/lib/ruby/gems/2.0.0/specifications/pokegem-0.0.2.gemspec
I, [2014-12-29T21:46:21.107993 #45887]  INFO -- : 0:  slop (3.6.0) from /Users/jem/.rbenv/versions/2.0.0-p247/lib/ruby/gems/2.0.0/specifications/slop-3.6.0.gemspec
I, [2014-12-29T21:46:21.108440 #45887]  INFO -- : 0:  pry (0.10.1) from /Users/jem/.rbenv/versions/2.0.0-p247/lib/ruby/gems/2.0.0/specifications/pry-0.10.1.gemspec
I, [2014-12-29T21:46:21.108908 #45887]  INFO -- : 0:  rufus-scheduler (3.0.9) from /Users/jem/.rbenv/versions/2.0.0-p247/lib/ruby/gems/2.0.0/specifications/rufus-scheduler-3.0.9.gemspec
I, [2014-12-29T21:46:21.109385 #45887]  INFO -- : 0:  simple_oauth (0.3.1) from /Users/jem/.rbenv/versions/2.0.0-p247/lib/ruby/gems/2.0.0/specifications/simple_oauth-0.3.1.gemspec
I, [2014-12-29T21:46:21.109800 #45887]  INFO -- : 0:  twitter (5.13.0) from /Users/jem/.rbenv/versions/2.0.0-p247/lib/ruby/gems/2.0.0/specifications/twitter-5.13.0.gemspec
I, [2014-12-29T21:46:21.110262 #45887]  INFO -- : 0:  twitter_ebooks (3.0.6) from /Users/jem/.rbenv/versions/2.0.0-p247/lib/ruby/gems/2.0.0/specifications/twitter_ebooks-3.0.6.gemspec
I, [2014-12-29T21:46:21.110621 #45887]  INFO -- : 0:  bundler (1.5.1) from /Users/jem/.rbenv/versions/2.0.0-p247/lib/ruby/gems/2.0.0/specifications/bundler-1.5.1.gemspec
I, [2014-12-30T15:07:58.433131 #48798]  INFO -- : 0:  i18n (0.7.0) from /Users/jem/.rbenv/versions/2.0.0-p247/lib/ruby/gems/2.0.0/specifications/i18n-0.7.0.gemspec
I, [2014-12-30T15:07:58.440304 #48798]  INFO -- : 0:  json (1.8.1) from /Users/jem/.rbenv/versions/2.0.0-p247/lib/ruby/gems/2.0.0/specifications/json-1.8.1.gemspec
I, [2014-12-30T15:07:58.440794 #48798]  INFO -- : 0:  minitest (5.5.0) from /Users/jem/.rbenv/versions/2.0.0-p247/lib/ruby/gems/2.0.0/specifications/minitest-5.5.0.gemspec
I, [2014-12-30T15:07:58.441221 #48798]  INFO -- : 0:  thread_safe (0.3.4) from /Users/jem/.rbenv/versions/2.0.0-p247/lib/ruby/gems/2.0.0/specifications/thread_safe-0.3.4.gemspec
I, [2014-12-30T15:07:58.441627 #48798]  INFO -- : 0:  tzinfo (1.2.2) from /Users/jem/.rbenv/versions/2.0.0-p247/lib/ruby/gems/2.0.0/specifications/tzinfo-1.2.2.gemspec
I, [2014-12-30T15:07:58.442119 #48798]  INFO -- : 0:  activesupport (4.2.0) from /Users/jem/.rbenv/versions/2.0.0-p247/lib/ruby/gems/2.0.0/specifications/activesupport-4.2.0.gemspec
I, [2014-12-30T15:07:58.443203 #48798]  INFO -- : 0:  builder (3.2.2) from /Users/jem/.rbenv/versions/2.0.0-p247/lib/ruby/gems/2.0.0/specifications/builder-3.2.2.gemspec
I, [2014-12-30T15:07:58.443948 #48798]  INFO -- : 0:  activemodel (4.2.0) from /Users/jem/.rbenv/versions/2.0.0-p247/lib/ruby/gems/2.0.0/specifications/activemodel-4.2.0.gemspec
I, [2014-12-30T15:07:58.444551 #48798]  INFO -- : 0:  addressable (2.3.6) from /Users/jem/.rbenv/versions/2.0.0-p247/lib/ruby/gems/2.0.0/specifications/addressable-2.3.6.gemspec
I, [2014-12-30T15:07:58.454732 #48798]  INFO -- : 0:  awesome_print (1.6.0) from /Users/jem/.rbenv/versions/2.0.0-p247/lib/ruby/gems/2.0.0/specifications/awesome_print-1.6.0.gemspec
I, [2014-12-30T15:07:58.455240 #48798]  INFO -- : 0:  redis (3.2.0) from /Users/jem/.rbenv/versions/2.0.0-p247/lib/ruby/gems/2.0.0/specifications/redis-3.2.0.gemspec
I, [2014-12-30T15:07:58.455669 #48798]  INFO -- : 0:  bloomfilter-rb (2.1.1) from /Users/jem/.rbenv/versions/2.0.0-p247/lib/ruby/gems/2.0.0/specifications/bloomfilter-rb-2.1.1.gemspec
I, [2014-12-30T15:07:58.456090 #48798]  INFO -- : 0:  buftok (0.2.0) from /Users/jem/.rbenv/versions/2.0.0-p247/lib/ruby/gems/2.0.0/specifications/buftok-0.2.0.gemspec
I, [2014-12-30T15:07:58.456528 #48798]  INFO -- : 0:  coderay (1.1.0) from /Users/jem/.rbenv/versions/2.0.0-p247/lib/ruby/gems/2.0.0/specifications/coderay-1.1.0.gemspec
I, [2014-12-30T15:07:58.456944 #48798]  INFO -- : 0:  dotenv (1.0.2) from /Users/jem/.rbenv/versions/2.0.0-p247/lib/ruby/gems/2.0.0/specifications/dotenv-1.0.2.gemspec
I, [2014-12-30T15:07:58.457391 #48798]  INFO -- : 0:  engtagger (0.2.0) from /Users/jem/.rbenv/versions/2.0.0-p247/lib/ruby/gems/2.0.0/specifications/engtagger-0.2.0.gemspec
I, [2014-12-30T15:07:58.457818 #48798]  INFO -- : 0:  equalizer (0.0.9) from /Users/jem/.rbenv/versions/2.0.0-p247/lib/ruby/gems/2.0.0/specifications/equalizer-0.0.9.gemspec
I, [2014-12-30T15:07:58.458252 #48798]  INFO -- : 0:  eventmachine (1.0.4) from /Users/jem/.rbenv/versions/2.0.0-p247/lib/ruby/gems/2.0.0/specifications/eventmachine-1.0.4.gemspec
I, [2014-12-30T15:07:58.458678 #48798]  INFO -- : 0:  multipart-post (2.0.0) from /Users/jem/.rbenv/versions/2.0.0-p247/lib/ruby/gems/2.0.0/specifications/multipart-post-2.0.0.gemspec
I, [2014-12-30T15:07:58.459134 #48798]  INFO -- : 0:  faraday (0.9.0) from /Users/jem/.rbenv/versions/2.0.0-p247/lib/ruby/gems/2.0.0/specifications/faraday-0.9.0.gemspec
I, [2014-12-30T15:07:58.459576 #48798]  INFO -- : 0:  fast-stemmer (1.0.2) from /Users/jem/.rbenv/versions/2.0.0-p247/lib/ruby/gems/2.0.0/specifications/fast-stemmer-1.0.2.gemspec
I, [2014-12-30T15:07:58.460013 #48798]  INFO -- : 0:  gingerice (1.2.2) from /Users/jem/.rbenv/versions/2.0.0-p247/lib/ruby/gems/2.0.0/specifications/gingerice-1.2.2.gemspec
I, [2014-12-30T15:07:58.460778 #48798]  INFO -- : 0:  multi_json (1.10.1) from /Users/jem/.rbenv/versions/2.0.0-p247/lib/ruby/gems/2.0.0/specifications/multi_json-1.10.1.gemspec
I, [2014-12-30T15:07:58.461188 #48798]  INFO -- : 0:  her (0.7.3) from /Users/jem/.rbenv/versions/2.0.0-p247/lib/ruby/gems/2.0.0/specifications/her-0.7.3.gemspec
I, [2014-12-30T15:07:58.461562 #48798]  INFO -- : 0:  whatlanguage (1.0.5) from /Users/jem/.rbenv/versions/2.0.0-p247/lib/ruby/gems/2.0.0/specifications/whatlanguage-1.0.5.gemspec
I, [2014-12-30T15:07:58.461952 #48798]  INFO -- : 0:  highscore (1.2.0) from /Users/jem/.rbenv/versions/2.0.0-p247/lib/ruby/gems/2.0.0/specifications/highscore-1.2.0.gemspec
I, [2014-12-30T15:07:58.462312 #48798]  INFO -- : 0:  htmlentities (4.3.3) from /Users/jem/.rbenv/versions/2.0.0-p247/lib/ruby/gems/2.0.0/specifications/htmlentities-4.3.3.gemspec
I, [2014-12-30T15:07:58.462696 #48798]  INFO -- : 0:  http_parser.rb (0.6.0) from /Users/jem/.rbenv/versions/2.0.0-p247/lib/ruby/gems/2.0.0/specifications/http_parser.rb-0.6.0.gemspec
I, [2014-12-30T15:07:58.463094 #48798]  INFO -- : 0:  http (0.6.3) from /Users/jem/.rbenv/versions/2.0.0-p247/lib/ruby/gems/2.0.0/specifications/http-0.6.3.gemspec
I, [2014-12-30T15:07:58.463565 #48798]  INFO -- : 0:  marvel (0.1.0) from /Users/jem/.rbenv/versions/2.0.0-p247/lib/ruby/gems/2.0.0/specifications/marvel-0.1.0.gemspec
I, [2014-12-30T15:07:58.464118 #48798]  INFO -- : 0:  memoizable (0.4.2) from /Users/jem/.rbenv/versions/2.0.0-p247/lib/ruby/gems/2.0.0/specifications/memoizable-0.4.2.gemspec
I, [2014-12-30T15:07:58.464571 #48798]  INFO -- : 0:  method_source (0.8.2) from /Users/jem/.rbenv/versions/2.0.0-p247/lib/ruby/gems/2.0.0/specifications/method_source-0.8.2.gemspec
I, [2014-12-30T15:07:58.465235 #48798]  INFO -- : 0:  naught (1.0.0) from /Users/jem/.rbenv/versions/2.0.0-p247/lib/ruby/gems/2.0.0/specifications/naught-1.0.0.gemspec
I, [2014-12-30T15:07:58.465773 #48798]  INFO -- : 0:  oauth (0.4.7) from /Users/jem/.rbenv/versions/2.0.0-p247/lib/ruby/gems/2.0.0/specifications/oauth-0.4.7.gemspec
I, [2014-12-30T15:07:58.466310 #48798]  INFO -- : 0:  pokegem (0.0.2) from /Users/jem/.rbenv/versions/2.0.0-p247/lib/ruby/gems/2.0.0/specifications/pokegem-0.0.2.gemspec
I, [2014-12-30T15:07:58.466821 #48798]  INFO -- : 0:  slop (3.6.0) from /Users/jem/.rbenv/versions/2.0.0-p247/lib/ruby/gems/2.0.0/specifications/slop-3.6.0.gemspec
I, [2014-12-30T15:07:58.467343 #48798]  INFO -- : 0:  pry (0.10.1) from /Users/jem/.rbenv/versions/2.0.0-p247/lib/ruby/gems/2.0.0/specifications/pry-0.10.1.gemspec
I, [2014-12-30T15:07:58.467856 #48798]  INFO -- : 0:  rufus-scheduler (3.0.9) from /Users/jem/.rbenv/versions/2.0.0-p247/lib/ruby/gems/2.0.0/specifications/rufus-scheduler-3.0.9.gemspec
I, [2014-12-30T15:07:58.468377 #48798]  INFO -- : 0:  simple_oauth (0.3.1) from /Users/jem/.rbenv/versions/2.0.0-p247/lib/ruby/gems/2.0.0/specifications/simple_oauth-0.3.1.gemspec
I, [2014-12-30T15:07:58.468855 #48798]  INFO -- : 0:  twitter (5.13.0) from /Users/jem/.rbenv/versions/2.0.0-p247/lib/ruby/gems/2.0.0/specifications/twitter-5.13.0.gemspec
I, [2014-12-30T15:07:58.469283 #48798]  INFO -- : 0:  twitter_ebooks (3.0.6) from /Users/jem/.rbenv/versions/2.0.0-p247/lib/ruby/gems/2.0.0/specifications/twitter_ebooks-3.0.6.gemspec
I, [2014-12-30T15:07:58.469611 #48798]  INFO -- : 0:  bundler (1.5.1) from /Users/jem/.rbenv/versions/2.0.0-p247/lib/ruby/gems/2.0.0/specifications/bundler-1.5.1.gemspec
